<?xml version="1.0" encoding="UTF-8"?>
<testng-results skipped="0" failed="0" ignored="0" total="1" passed="1">
  <reporter-output>
  </reporter-output>
  <suite name="Suite" duration-ms="15497" started-at="2020-11-13T10:31:00 IST" finished-at="2020-11-13T10:31:16 IST">
    <groups>
    </groups>
    <test name="Test" duration-ms="15497" started-at="2020-11-13T10:31:00 IST" finished-at="2020-11-13T10:31:16 IST">
      <class name="automation.Sample">
        <test-method status="PASS" signature="login()[pri:0, instance:automation.Sample@c4c815]" name="login" duration-ms="15468" started-at="2020-11-13T10:31:00 IST" finished-at="2020-11-13T10:31:16 IST">
          <reporter-output>
          </reporter-output>
        </test-method> <!-- login -->
      </class> <!-- automation.Sample -->
    </test> <!-- Test -->
  </suite> <!-- Suite -->
</testng-results>
